[2022-03-24 18:23:39] local.ERROR: Uncaught Error: Call to a member function getRoutes() on array in Command line code:1
Stack trace:
#0 {main}
  thrown {"exception":"[object] (Symfony\\Component\\ErrorHandler\\Error\\FatalError(code: 0): Uncaught Error: Call to a member function getRoutes() on array in Command line code:1
Stack trace:
#0 {main}
  thrown at Command line code:1)
[stacktrace]
#0 {main}
"} 
[2022-03-24 18:23:39] local.ERROR: Uncaught Error: Call to undefined function app_path() in Command line code:1
Stack trace:
#0 {main}
  thrown {"exception":"[object] (Symfony\\Component\\ErrorHandler\\Error\\FatalError(code: 0): Uncaught Error: Call to undefined function app_path() in Command line code:1
Stack trace:
#0 {main}
  thrown at Command line code:1)
[stacktrace]
#0 {main}
"} 
[2022-03-24 18:23:39] local.ERROR: Uncaught Illuminate\Contracts\Container\BindingResolutionException: Target [Illuminate\Contracts\Http\Kernel] is not instantiable. in C:\Users\perso\Downloads\FindMyChilesotti\vendor\illuminate\container\Container.php:1089
Stack trace:
#0 C:\Users\perso\Downloads\FindMyChilesotti\vendor\illuminate\container\Container.php(886): Illuminate\Container\Container->notInstantiable('Illuminate\\Cont...')
#1 C:\Users\perso\Downloads\FindMyChilesotti\vendor\illuminate\container\Container.php(758): Illuminate\Container\Container->build('Illuminate\\Cont...')
#2 C:\Users\perso\Downloads\FindMyChilesotti\vendor\illuminate\container\Container.php(694): Illuminate\Container\Container->resolve('Illuminate\\Cont...', Array)
#3 C:\Users\perso\Downloads\FindMyChilesotti\vendor\laravel\lumen-framework\src\Application.php(300): Illuminate\Container\Container->make('Illuminate\\Cont...', Array)
#4 C:\Users\perso\Downloads\FindMyChilesotti\vendor\laravel\lumen-framework\src\helpers.php(42): Laravel\Lumen\Application->make('Illuminate\\Cont...', Array)
#5 Command line code(1): app('Illuminate\\Cont...')
#6 {main}
  thrown {"exception":"[object] (Symfony\\Component\\ErrorHandler\\Error\\FatalError(code: 0): Uncaught Illuminate\\Contracts\\Container\\BindingResolutionException: Target [Illuminate\\Contracts\\Http\\Kernel] is not instantiable. in C:\\Users\\perso\\Downloads\\FindMyChilesotti\\vendor\\illuminate\\container\\Container.php:1089
Stack trace:
#0 C:\\Users\\perso\\Downloads\\FindMyChilesotti\\vendor\\illuminate\\container\\Container.php(886): Illuminate\\Container\\Container->notInstantiable('Illuminate\\\\Cont...')
#1 C:\\Users\\perso\\Downloads\\FindMyChilesotti\\vendor\\illuminate\\container\\Container.php(758): Illuminate\\Container\\Container->build('Illuminate\\\\Cont...')
#2 C:\\Users\\perso\\Downloads\\FindMyChilesotti\\vendor\\illuminate\\container\\Container.php(694): Illuminate\\Container\\Container->resolve('Illuminate\\\\Cont...', Array)
#3 C:\\Users\\perso\\Downloads\\FindMyChilesotti\\vendor\\laravel\\lumen-framework\\src\\Application.php(300): Illuminate\\Container\\Container->make('Illuminate\\\\Cont...', Array)
#4 C:\\Users\\perso\\Downloads\\FindMyChilesotti\\vendor\\laravel\\lumen-framework\\src\\helpers.php(42): Laravel\\Lumen\\Application->make('Illuminate\\\\Cont...', Array)
#5 Command line code(1): app('Illuminate\\\\Cont...')
#6 {main}
  thrown at C:\\Users\\perso\\Downloads\\FindMyChilesotti\\vendor\\illuminate\\container\\Container.php:1089)
[stacktrace]
#0 {main}
"} 
[2022-03-24 18:23:39] local.ERROR: Uncaught Error: Call to undefined method Laravel\Lumen\Application::langPath() in Command line code:1
Stack trace:
#0 {main}
  thrown {"exception":"[object] (Symfony\\Component\\ErrorHandler\\Error\\FatalError(code: 0): Uncaught Error: Call to undefined method Laravel\\Lumen\\Application::langPath() in Command line code:1
Stack trace:
#0 {main}
  thrown at Command line code:1)
[stacktrace]
#0 {main}
"} 
[2022-03-24 18:23:39] local.ERROR: Uncaught Illuminate\Contracts\Container\BindingResolutionException: Unresolvable dependency resolving [Parameter #1 [ <required> $cachePath ]] in class Illuminate\View\Compilers\Compiler in C:\Users\perso\Downloads\FindMyChilesotti\vendor\illuminate\container\Container.php:1104
Stack trace:
#0 C:\Users\perso\Downloads\FindMyChilesotti\vendor\illuminate\container\Container.php(1011): Illuminate\Container\Container->unresolvablePrimitive(Object(ReflectionParameter))
#1 C:\Users\perso\Downloads\FindMyChilesotti\vendor\illuminate\container\Container.php(946): Illuminate\Container\Container->resolvePrimitive(Object(ReflectionParameter))
#2 C:\Users\perso\Downloads\FindMyChilesotti\vendor\illuminate\container\Container.php(908): Illuminate\Container\Container->resolveDependencies(Array)
#3 C:\Users\perso\Downloads\FindMyChilesotti\vendor\illuminate\container\Container.php(758): Illuminate\Container\Container->build('Illuminate\\View...')
#4 C:\Users\perso\Downloads\FindMyChilesotti\vendor\illuminate\container\Container.php(694): Illuminate\Container\Container->resolve('Illuminate\\View...', Array)
#5 C:\Users\perso\Downloads\FindMyChilesotti\vendor\laravel\lumen-framework\src\Application.php(300): Illuminate\Container\Container->make('Illuminate\\View...', Array)
#6 C:\Users\perso\Downloads\FindMyChilesotti\vendor\laravel\lumen-framework\src\helpers.php(42): Laravel\Lumen\Application->make('Illuminate\\View...', Array)
#7 Command line code(1): app('Illuminate\\View...')
#8 {main}
  thrown {"exception":"[object] (Symfony\\Component\\ErrorHandler\\Error\\FatalError(code: 0): Uncaught Illuminate\\Contracts\\Container\\BindingResolutionException: Unresolvable dependency resolving [Parameter #1 [ <required> $cachePath ]] in class Illuminate\\View\\Compilers\\Compiler in C:\\Users\\perso\\Downloads\\FindMyChilesotti\\vendor\\illuminate\\container\\Container.php:1104
Stack trace:
#0 C:\\Users\\perso\\Downloads\\FindMyChilesotti\\vendor\\illuminate\\container\\Container.php(1011): Illuminate\\Container\\Container->unresolvablePrimitive(Object(ReflectionParameter))
#1 C:\\Users\\perso\\Downloads\\FindMyChilesotti\\vendor\\illuminate\\container\\Container.php(946): Illuminate\\Container\\Container->resolvePrimitive(Object(ReflectionParameter))
#2 C:\\Users\\perso\\Downloads\\FindMyChilesotti\\vendor\\illuminate\\container\\Container.php(908): Illuminate\\Container\\Container->resolveDependencies(Array)
#3 C:\\Users\\perso\\Downloads\\FindMyChilesotti\\vendor\\illuminate\\container\\Container.php(758): Illuminate\\Container\\Container->build('Illuminate\\\\View...')
#4 C:\\Users\\perso\\Downloads\\FindMyChilesotti\\vendor\\illuminate\\container\\Container.php(694): Illuminate\\Container\\Container->resolve('Illuminate\\\\View...', Array)
#5 C:\\Users\\perso\\Downloads\\FindMyChilesotti\\vendor\\laravel\\lumen-framework\\src\\Application.php(300): Illuminate\\Container\\Container->make('Illuminate\\\\View...', Array)
#6 C:\\Users\\perso\\Downloads\\FindMyChilesotti\\vendor\\laravel\\lumen-framework\\src\\helpers.php(42): Laravel\\Lumen\\Application->make('Illuminate\\\\View...', Array)
#7 Command line code(1): app('Illuminate\\\\View...')
#8 {main}
  thrown at C:\\Users\\perso\\Downloads\\FindMyChilesotti\\vendor\\illuminate\\container\\Container.php:1104)
[stacktrace]
#0 {main}
"} 
[2022-03-24 18:24:35] local.ERROR: Uncaught Error: Call to undefined function app_path() in Command line code:1
Stack trace:
#0 {main}
  thrown {"exception":"[object] (Symfony\\Component\\ErrorHandler\\Error\\FatalError(code: 0): Uncaught Error: Call to undefined function app_path() in Command line code:1
Stack trace:
#0 {main}
  thrown at Command line code:1)
[stacktrace]
#0 {main}
"} 
[2022-03-24 18:25:35] local.ERROR: Uncaught Error: Call to undefined function app_path() in Command line code:1
Stack trace:
#0 {main}
  thrown {"exception":"[object] (Symfony\\Component\\ErrorHandler\\Error\\FatalError(code: 0): Uncaught Error: Call to undefined function app_path() in Command line code:1
Stack trace:
#0 {main}
  thrown at Command line code:1)
[stacktrace]
#0 {main}
"} 
